\BOOKMARK [1][-]{section*.2}{Introduzione}{}% 1
\BOOKMARK [1][-]{section.1}{Richiami alla teoria}{}% 2
\BOOKMARK [2][-]{subsection.1.1}{Grafo}{section.1}% 3
\BOOKMARK [2][-]{subsection.1.2}{Agenti Intelligenti}{section.1}% 4
\BOOKMARK [3][-]{subsubsection.1.2.1}{Agente reattivo semplice}{subsection.1.2}% 5
\BOOKMARK [3][-]{subsubsection.1.2.2}{Agenti reattivi basati su modello}{subsection.1.2}% 6
\BOOKMARK [3][-]{subsubsection.1.2.3}{Agenti basati su obiettivi}{subsection.1.2}% 7
\BOOKMARK [3][-]{subsubsection.1.2.4}{Agenti basati sull'utilit\340}{subsection.1.2}% 8
\BOOKMARK [2][-]{subsection.1.3}{Sistemi multi-agente}{section.1}% 9
\BOOKMARK [2][-]{subsection.1.4}{Rete sociale ad agenti}{section.1}% 10
\BOOKMARK [3][-]{subsubsection.1.4.1}{Comunit\340}{subsection.1.4}% 11
\BOOKMARK [3][-]{subsubsection.1.4.2}{Densit\340 della rete}{subsection.1.4}% 12
\BOOKMARK [3][-]{subsubsection.1.4.3}{Lunghezza del cammino \(Distanza\)}{subsection.1.4}% 13
\BOOKMARK [3][-]{subsubsection.1.4.4}{Connessione}{subsection.1.4}% 14
\BOOKMARK [3][-]{subsubsection.1.4.5}{Invarianza di scala}{subsection.1.4}% 15
\BOOKMARK [2][-]{subsection.1.5}{Misure di valutazione}{section.1}% 16
\BOOKMARK [3][-]{subsubsection.1.5.1}{Grado e ordine di un grafo}{subsection.1.5}% 17
\BOOKMARK [3][-]{subsubsection.1.5.2}{Densit\340 di un grafo}{subsection.1.5}% 18
\BOOKMARK [3][-]{subsubsection.1.5.3}{Centralit\340}{subsection.1.5}% 19
\BOOKMARK [2][-]{subsection.1.6}{Modelli epidemiologici compartimentali}{section.1}% 20
\BOOKMARK [1][-]{section.2}{Stato dell'arte}{}% 21
\BOOKMARK [1][-]{section.3}{Soil}{}% 22
\BOOKMARK [2][-]{subsection.3.1}{Struttura di Soil}{section.3}% 23
\BOOKMARK [1][-]{section.4}{Soluzione proposta}{}% 24
\BOOKMARK [2][-]{subsection.4.1}{Grafo}{section.4}% 25
\BOOKMARK [2][-]{subsection.4.2}{Opinion Leader}{section.4}% 26
\BOOKMARK [2][-]{subsection.4.3}{Bot}{section.4}% 27
\BOOKMARK [2][-]{subsection.4.4}{Simulazioni}{section.4}% 28
\BOOKMARK [2][-]{subsection.4.5}{Configurazione di SOIL}{section.4}% 29
\BOOKMARK [3][-]{subsubsection.4.5.1}{File Python}{subsection.4.5}% 30
\BOOKMARK [3][-]{subsubsection.4.5.2}{File YML}{subsection.4.5}% 31
\BOOKMARK [2][-]{subsection.4.6}{Web app}{section.4}% 32
\BOOKMARK [3][-]{subsubsection.4.6.1}{Fasi dell'app}{subsection.4.6}% 33
\BOOKMARK [3][-]{subsubsection.4.6.2}{Uso di streamlit}{subsection.4.6}% 34
\BOOKMARK [1][-]{section.5}{Risultati ottenuti}{}% 35
\BOOKMARK [2][-]{subsection.5.1}{Random}{section.5}% 36
\BOOKMARK [3][-]{subsubsection.5.1.1}{Grafo da 500 followers}{subsection.5.1}% 37
\BOOKMARK [3][-]{subsubsection.5.1.2}{Grafo da 1000 followers}{subsection.5.1}% 38
\BOOKMARK [3][-]{subsubsection.5.1.3}{Grafo da 1500 followers}{subsection.5.1}% 39
\BOOKMARK [3][-]{subsubsection.5.1.4}{Grafo da 2000 followers}{subsection.5.1}% 40
\BOOKMARK [2][-]{subsection.5.2}{Betweenness e In-Degree}{section.5}% 41
\BOOKMARK [3][-]{subsubsection.5.2.1}{Grafo da 500 followers}{subsection.5.2}% 42
\BOOKMARK [3][-]{subsubsection.5.2.2}{Grafo da 1000 followers}{subsection.5.2}% 43
\BOOKMARK [3][-]{subsubsection.5.2.3}{Grafo da 1500 followers}{subsection.5.2}% 44
\BOOKMARK [2][-]{subsection.5.3}{Eigenvector}{section.5}% 45
\BOOKMARK [3][-]{subsubsection.5.3.1}{Grafo da 500 followers}{subsection.5.3}% 46
\BOOKMARK [3][-]{subsubsection.5.3.2}{Grafo da 1000 followers}{subsection.5.3}% 47
\BOOKMARK [3][-]{subsubsection.5.3.3}{Grafo da 1500 followers}{subsection.5.3}% 48
\BOOKMARK [3][-]{subsubsection.5.3.4}{Grafo da 2000 followers}{subsection.5.3}% 49
\BOOKMARK [1][-]{section.6}{Conclusioni}{}% 50
\BOOKMARK [1][-]{section.7}{Sviluppi futuri}{}% 51
